<?xml version="1.0" encoding="UTF-8"?>
<!-- Generated by org.testng.reporters.JUnitReportReporter -->
<testsuite hostname="DESKTOP-LVT8GR2" failures="0" tests="2" name="InterviewPractices.InterviewPractices.ParallelBrowserTest" time="2.760" errors="0" timestamp="2024-10-19T20:58:00 IST" skipped="0">
  <testcase classname="InterviewPractices.InterviewPractices.ParallelBrowserTest" name="testWebsite" time="1.168"/>
  <testcase classname="InterviewPractices.InterviewPractices.ParallelBrowserTest" name="testWebsite" time="1.592"/>
</testsuite> <!-- InterviewPractices.InterviewPractices.ParallelBrowserTest -->
