<?xml version="1.0" encoding="UTF-8"?>
<!-- Generated by org.testng.reporters.JUnitReportReporter -->
<testsuite hostname="DESKTOP-LVT8GR2" failures="0" tests="3" name="InterviewPractices.InterviewPractices.DataDrivenTesting" time="29.674" errors="0" timestamp="2024-10-20T13:32:14 IST" skipped="0">
  <testcase classname="InterviewPractices.InterviewPractices.DataDrivenTesting" name="dataDriven" time="11.238"/>
  <testcase classname="InterviewPractices.InterviewPractices.DataDrivenTesting" name="dataDriven" time="9.052"/>
  <testcase classname="InterviewPractices.InterviewPractices.DataDrivenTesting" name="dataDriven" time="9.384"/>
</testsuite> <!-- InterviewPractices.InterviewPractices.DataDrivenTesting -->
