<?xml version="1.0" encoding="UTF-8"?>
<!-- Generated by org.testng.reporters.JUnitReportReporter -->
<testsuite hostname="DESKTOP-LVT8GR2" failures="0" tests="2" name="InterviewPractices.InterviewPractices.Demo1" time="13.812" errors="0" timestamp="2024-09-23T19:03:57 IST" skipped="0">
  <testcase classname="InterviewPractices.InterviewPractices.Demo1" name="testMethod" time="6.903"/>
  <testcase classname="InterviewPractices.InterviewPractices.Demo1" name="testMethod" time="6.909"/>
</testsuite> <!-- InterviewPractices.InterviewPractices.Demo1 -->
